0 info it worked if it ends with ok
1 verbose cli [ '/usr/local/bin/node',
1 verbose cli   '/usr/local/bin/npm',
1 verbose cli   'install',
1 verbose cli   '-g',
1 verbose cli   'bower' ]
2 info using npm@2.11.2
3 info using node@v5.0.0
4 verbose install initial load of /usr/local/lib/package.json
5 verbose readDependencies loading dependencies from /usr/local/lib/package.json
6 silly cache add args [ 'bower', null ]
7 verbose cache add spec bower
8 silly cache add parsed spec Result {
8 silly cache add   raw: 'bower',
8 silly cache add   scope: null,
8 silly cache add   name: 'bower',
8 silly cache add   rawSpec: '',
8 silly cache add   spec: '*',
8 silly cache add   type: 'range' }
9 silly addNamed bower@*
10 verbose addNamed "*" is a valid semver range for bower
11 silly addNameRange { name: 'bower', range: '*', hasData: false }
12 silly mapToRegistry name bower
13 silly mapToRegistry using default registry
14 silly mapToRegistry registry https://registry.npmjs.org/
15 silly mapToRegistry uri https://registry.npmjs.org/bower
16 verbose addNameRange registry:https://registry.npmjs.org/bower not in flight; fetching
17 verbose request uri https://registry.npmjs.org/bower
18 verbose request no auth needed
19 info attempt registry request try #1 at 1:38:14 PM
20 verbose request id 69b67596f5d3c69a
21 verbose etag "7LENUW7GP95DUJF1Q36WIH7NR"
22 http request GET https://registry.npmjs.org/bower
23 http 200 https://registry.npmjs.org/bower
24 silly get cb [ 200,
24 silly get   { server: 'CouchDB/1.5.0 (Erlang OTP/R16B03)',
24 silly get     etag: '"4LXLE4LUOWZ2VDT9IBOGHNRD5"',
24 silly get     'content-type': 'application/json',
24 silly get     'content-encoding': 'gzip',
24 silly get     'cache-control': 'max-age=300',
24 silly get     'content-length': '20536',
24 silly get     'accept-ranges': 'bytes',
24 silly get     date: 'Tue, 09 Aug 2016 18:38:15 GMT',
24 silly get     via: '1.1 varnish',
24 silly get     age: '41',
24 silly get     connection: 'keep-alive',
24 silly get     'x-served-by': 'cache-iad2642-IAD',
24 silly get     'x-cache': 'HIT',
24 silly get     'x-cache-hits': '1',
24 silly get     'x-timer': 'S1470767895.312687,VS0,VE0',
24 silly get     vary: 'Accept-Encoding' } ]
25 verbose get saving bower to /Users/Danny/.npm/registry.npmjs.org/bower/.cache.json
26 silly addNameRange number 2 { name: 'bower', range: '*', hasData: true }
27 silly addNameRange versions [ 'bower',
27 silly addNameRange   [ '0.1.0',
27 silly addNameRange     '0.1.2',
27 silly addNameRange     '0.1.3',
27 silly addNameRange     '0.2.0',
27 silly addNameRange     '0.3.0',
27 silly addNameRange     '0.3.1',
27 silly addNameRange     '0.3.2',
27 silly addNameRange     '0.4.0',
27 silly addNameRange     '0.5.0',
27 silly addNameRange     '0.5.1',
27 silly addNameRange     '0.6.0',
27 silly addNameRange     '0.6.1',
27 silly addNameRange     '0.6.2',
27 silly addNameRange     '0.6.3',
27 silly addNameRange     '0.6.4',
27 silly addNameRange     '0.6.5',
27 silly addNameRange     '0.6.6',
27 silly addNameRange     '0.6.7',
27 silly addNameRange     '0.6.8',
27 silly addNameRange     '0.7.0',
27 silly addNameRange     '0.7.1',
27 silly addNameRange     '0.8.0',
27 silly addNameRange     '0.8.1',
27 silly addNameRange     '0.8.2',
27 silly addNameRange     '0.8.3',
27 silly addNameRange     '0.8.4',
27 silly addNameRange     '0.8.5',
27 silly addNameRange     '0.8.6',
27 silly addNameRange     '0.9.0',
27 silly addNameRange     '0.9.1',
27 silly addNameRange     '0.9.2',
27 silly addNameRange     '0.10.0',
27 silly addNameRange     '1.0.0',
27 silly addNameRange     '1.0.1',
27 silly addNameRange     '1.0.2',
27 silly addNameRange     '1.0.3',
27 silly addNameRange     '1.1.0',
27 silly addNameRange     '1.1.1',
27 silly addNameRange     '1.1.2',
27 silly addNameRange     '1.2.0',
27 silly addNameRange     '1.2.1',
27 silly addNameRange     '1.2.2',
27 silly addNameRange     '1.2.3',
27 silly addNameRange     '1.2.4',
27 silly addNameRange     '1.2.5',
27 silly addNameRange     '1.2.6',
27 silly addNameRange     '1.2.7',
27 silly addNameRange     '1.2.8',
27 silly addNameRange     '1.3.0',
27 silly addNameRange     '1.3.1',
27 silly addNameRange     '1.3.2',
27 silly addNameRange     '1.3.3',
27 silly addNameRange     '1.3.4',
27 silly addNameRange     '1.3.5',
27 silly addNameRange     '1.3.6',
27 silly addNameRange     '1.3.7',
27 silly addNameRange     '1.3.8',
27 silly addNameRange     '1.3.9',
27 silly addNameRange     '1.3.10',
27 silly addNameRange     '1.3.11',
27 silly addNameRange     '1.3.12',
27 silly addNameRange     '1.4.0',
27 silly addNameRange     '1.4.1',
27 silly addNameRange     '1.5.0',
27 silly addNameRange     '1.5.1',
27 silly addNameRange     '1.5.2',
27 silly addNameRange     '1.5.3',
27 silly addNameRange     '1.6.2',
27 silly addNameRange     '1.6.3',
27 silly addNameRange     '1.6.4',
27 silly addNameRange     '1.6.5',
27 silly addNameRange     '1.5.4',
27 silly addNameRange     '1.4.2',
27 silly addNameRange     '1.6.6',
27 silly addNameRange     '1.6.7',
27 silly addNameRange     '1.6.8',
27 silly addNameRange     '1.6.9',
27 silly addNameRange     '1.7.0',
27 silly addNameRange     '1.7.1',
27 silly addNameRange     '1.7.2',
27 silly addNameRange     '1.7.5',
27 silly addNameRange     '1.7.6',
27 silly addNameRange     '1.7.7',
27 silly addNameRange     '1.7.8',
27 silly addNameRange     '1.7.9' ] ]
28 silly addNamed bower@1.7.9
29 verbose addNamed "1.7.9" is a plain semver version for bower
30 silly cache afterAdd bower@1.7.9
31 verbose afterAdd /Users/Danny/.npm/bower/1.7.9/package/package.json not in flight; writing
32 verbose afterAdd /Users/Danny/.npm/bower/1.7.9/package/package.json written
33 silly install resolved [ { name: 'bower',
33 silly install resolved     version: '1.7.9',
33 silly install resolved     description: 'The browser package manager',
33 silly install resolved     author: { name: 'Twitter' },
33 silly install resolved     license: 'MIT',
33 silly install resolved     repository: { type: 'git', url: 'git+https://github.com/bower/bower.git' },
33 silly install resolved     main: 'lib',
33 silly install resolved     bin: { bower: 'bin/bower' },
33 silly install resolved     homepage: 'http://bower.io',
33 silly install resolved     engines: { node: '>=0.10.0' },
33 silly install resolved     keywords: [ 'bower' ],
33 silly install resolved     files: [ 'bin', 'lib' ],
33 silly install resolved     bugs: { url: 'https://github.com/bower/bower/issues' },
33 silly install resolved     _id: 'bower@1.7.9',
33 silly install resolved     scripts: {},
33 silly install resolved     _shasum: 'b7296c2393e0d75edaa6ca39648132dd255812b0',
33 silly install resolved     _from: 'bower@*',
33 silly install resolved     _npmVersion: '3.7.3',
33 silly install resolved     _nodeVersion: '5.9.0',
33 silly install resolved     _npmUser: { name: 'sheerun', email: 'sheerun@sher.pl' },
33 silly install resolved     dist:
33 silly install resolved      { shasum: 'b7296c2393e0d75edaa6ca39648132dd255812b0',
33 silly install resolved        tarball: 'https://registry.npmjs.org/bower/-/bower-1.7.9.tgz' },
33 silly install resolved     maintainers:
33 silly install resolved      [ [Object],
33 silly install resolved        [Object],
33 silly install resolved        [Object],
33 silly install resolved        [Object],
33 silly install resolved        [Object],
33 silly install resolved        [Object],
33 silly install resolved        [Object] ],
33 silly install resolved     _npmOperationalInternal:
33 silly install resolved      { host: 'packages-12-west.internal.npmjs.com',
33 silly install resolved        tmp: 'tmp/bower-1.7.9.tgz_1459857239351_0.9720134933013469' },
33 silly install resolved     directories: {},
33 silly install resolved     _resolved: 'https://registry.npmjs.org/bower/-/bower-1.7.9.tgz',
33 silly install resolved     readme: 'ERROR: No README data found!' } ]
34 info install bower@1.7.9 into /usr/local/lib
35 info installOne bower@1.7.9
36 verbose installOne of bower to /usr/local/lib not in flight; installing
37 verbose lock using /Users/Danny/.npm/_locks/bower-e8debc5417026b57.lock for /usr/local/lib/node_modules/bower
38 silly install write writing bower 1.7.9 to /usr/local/lib/node_modules/bower
39 verbose unbuild lib/node_modules/bower
40 info preuninstall bower@1.7.9
41 info uninstall bower@1.7.9
42 verbose unbuild rmStuff bower@1.7.9 from /usr/local/lib/node_modules
43 silly gentlyRm /usr/local/bin/bower is being gently removed
44 silly gentlyRm verifying /usr/local is an npm working directory
45 silly gentlyRm containing path /usr/local is under npm's control, in /usr/local
46 silly gentlyRm deletion target /usr/local/bin/bower is under /usr/local
47 verbose gentlyRm vacuuming from /usr/local/bin/bower up to /usr/local
48 silly vacuum-fs removing /usr/local/bin/bower
49 silly vacuum-fs quitting because other entries in /usr/local/bin
50 info postuninstall bower@1.7.9
51 silly gentlyRm /usr/local/lib/node_modules/bower is being purged from base /usr/local
52 verbose gentlyRm don't care about contents; nuking /usr/local/lib/node_modules/bower
53 silly vacuum-fs purging /usr/local/lib/node_modules/bower
54 verbose unlock done using /Users/Danny/.npm/_locks/bower-e8debc5417026b57.lock for /usr/local/lib/node_modules/bower
55 verbose stack Error: EACCES: permission denied, unlink '/usr/local/lib/node_modules/bower/CHANGELOG.md'
55 verbose stack     at Error (native)
56 verbose cwd /Users/Danny/Documents/DevelopmentSpace/sample
57 error Darwin 15.5.0
58 error argv "/usr/local/bin/node" "/usr/local/bin/npm" "install" "-g" "bower"
59 error node v5.0.0
60 error npm  v2.11.2
61 error path /usr/local/lib/node_modules/bower/CHANGELOG.md
62 error code EACCES
63 error errno -13
64 error syscall unlink
65 error Error: EACCES: permission denied, unlink '/usr/local/lib/node_modules/bower/CHANGELOG.md'
65 error     at Error (native)
65 error  { [Error: EACCES: permission denied, unlink '/usr/local/lib/node_modules/bower/CHANGELOG.md']
65 error   errno: -13,
65 error   code: 'EACCES',
65 error   syscall: 'unlink',
65 error   path: '/usr/local/lib/node_modules/bower/CHANGELOG.md' }
66 error Please try running this command again as root/Administrator.
67 verbose exit [ -13, true ]
68 verbose unbuild lib/node_modules/bower
69 info preuninstall bower@1.7.9
70 info uninstall bower@1.7.9
71 verbose unbuild rmStuff bower@1.7.9 from /usr/local/lib/node_modules
72 silly gentlyRm /usr/local/bin/bower is being gently removed
73 silly gentlyRm verifying /usr/local is an npm working directory
74 silly gentlyRm containing path /usr/local is under npm's control, in /usr/local
75 silly gentlyRm deletion target /usr/local/bin/bower is under /usr/local
76 verbose gentlyRm vacuuming from /usr/local/bin/bower up to /usr/local
77 info postuninstall bower@1.7.9
78 silly gentlyRm /usr/local/lib/node_modules/bower is being purged from base /usr/local
79 verbose gentlyRm don't care about contents; nuking /usr/local/lib/node_modules/bower
80 silly vacuum-fs purging /usr/local/lib/node_modules/bower
81 error error rolling back Error: EACCES: permission denied, unlink '/usr/local/lib/node_modules/bower/CHANGELOG.md'
81 error error rolling back     at Error (native)
81 error error rolling back  { [Error: EACCES: permission denied, unlink '/usr/local/lib/node_modules/bower/CHANGELOG.md']
81 error error rolling back   errno: -13,
81 error error rolling back   code: 'EACCES',
81 error error rolling back   syscall: 'unlink',
81 error error rolling back   path: '/usr/local/lib/node_modules/bower/CHANGELOG.md' }
